<?xml version="1.0" encoding="UTF-8"?>
<testsuite name="br.com.codenation.calculadora.CalculadoraSalarioSubmitTest" tests="13" skipped="1" failures="0" errors="0" timestamp="2020-05-02T13:33:31" hostname="marcelodell3583" time="0.41">
  <properties/>
  <testcase name="salarioBruto50000Liquido" classname="br.com.codenation.calculadora.CalculadoraSalarioSubmitTest" time="0.004"/>
  <testcase name="salarioBruto4000e1Liquido" classname="br.com.codenation.calculadora.CalculadoraSalarioSubmitTest" time="0.001"/>
  <testcase name="salarioBruto1500Liquido1380" classname="br.com.codenation.calculadora.CalculadoraSalarioSubmitTest" time="0.001"/>
  <testcase name="salarioBruto1031e99Liquido0" classname="br.com.codenation.calculadora.CalculadoraSalarioSubmitTest" time="0.001"/>
  <testcase name="salarioBruto6750Liquido5106" classname="br.com.codenation.calculadora.CalculadoraSalarioSubmitTest" time="0.001"/>
  <testcase name="salarioBruto1000Liquido0" classname="br.com.codenation.calculadora.CalculadoraSalarioSubmitTest" time="0.0"/>
  <testcase name="salarioBruto6700Liquido" classname="br.com.codenation.calculadora.CalculadoraSalarioSubmitTest" time="0.001"/>
  <testcase name="salarioBruto6000Liquido4940" classname="br.com.codenation.calculadora.CalculadoraSalarioSubmitTest" time="0.001"/>
  <testcase name="salarioBruto1032Liquido949" classname="br.com.codenation.calculadora.CalculadoraSalarioSubmitTest" time="0.0"/>
  <testcase name="salarioBruto4000Liquido" classname="br.com.codenation.calculadora.CalculadoraSalarioSubmitTest" time="0.001"/>
  <testcase name="salarioBruto3290Liquido2994" classname="br.com.codenation.calculadora.CalculadoraSalarioSubmitTest" time="0.001"/>
  <testcase name="salarioBruto1500e1Liquido1365" classname="br.com.codenation.calculadora.CalculadoraSalarioSubmitTest" time="0.0"/>
  <testcase name="salarioBrutoNegativoLiquido0" classname="br.com.codenation.calculadora.CalculadoraSalarioSubmitTest" time="0.396">
    <skipped/>
  </testcase>
  <system-out><![CDATA[Você terá um desconto de 11% do INSS.
Você terá um desconto de 15% no IRPF.
======================================
   O desconto do INSS foi de R$5500
   O desconto do IRPF foi de R$6675
======================================
    Seu salário líquido é: R$37825
======================================

Você terá um desconto de 11% do INSS.
Você terá um desconto de 7,5% no IRPF.
======================================
   O desconto do INSS foi de R$440
   O desconto do IRPF foi de R$267
======================================
    Seu salário líquido é: R$3293
======================================

Você terá um desconto de 8% do INSS.
Você está ISENTO do pagamento de IRPF.
======================================
   O desconto do INSS foi de R$120
   O desconto do IRPF foi de R$0
======================================
    Seu salário líquido é: R$1380
======================================

O salário base informado é menor que o salário mínimo.
Calculos não serão efetuados.

Você terá um desconto de 11% do INSS.
Você terá um desconto de 15% no IRPF.
======================================
   O desconto do INSS foi de R$743
   O desconto do IRPF foi de R$901
======================================
    Seu salário líquido é: R$5106
======================================

O salário base informado é menor que o salário mínimo.
Calculos não serão efetuados.

Você terá um desconto de 11% do INSS.
Você terá um desconto de 7,5% no IRPF.
======================================
   O desconto do INSS foi de R$737
   O desconto do IRPF foi de R$447
======================================
    Seu salário líquido é: R$5516
======================================

Você terá um desconto de 11% do INSS.
Você terá um desconto de 7,5% no IRPF.
======================================
   O desconto do INSS foi de R$660
   O desconto do IRPF foi de R$401
======================================
    Seu salário líquido é: R$4940
======================================

O salário base informado é menor que o salário mínimo.
Calculos não serão efetuados.

Você terá um desconto de 9% do INSS.
Você está ISENTO do pagamento de IRPF.
======================================
   O desconto do INSS foi de R$296
   O desconto do IRPF foi de R$0
======================================
    Seu salário líquido é: R$2994
======================================

Você terá um desconto de 9% do INSS.
Você está ISENTO do pagamento de IRPF.
======================================
   O desconto do INSS foi de R$296
   O desconto do IRPF foi de R$0
======================================
    Seu salário líquido é: R$2994
======================================

Você terá um desconto de 9% do INSS.
Você está ISENTO do pagamento de IRPF.
======================================
   O desconto do INSS foi de R$135
   O desconto do IRPF foi de R$0
======================================
    Seu salário líquido é: R$1365
======================================

Formato errado de dados. Até Logo!
]]></system-out>
  <system-err><![CDATA[]]></system-err>
</testsuite>
